<?xml version="1.0" encoding="UTF-8"?>
<robot generator="Robot 5.0.1 (Python 3.10.4 on win32)" generated="20220711 19:30:25.089" rpa="false" schemaversion="3">
<suite id="s1" name="Google" source="D:\Automation\Google\google.robot">
<test id="s1-t1" name="Open browser in google" line="12">
<kw name="Open Browser" library="SeleniumLibrary" type="SETUP">
<arg>${base_url}</arg>
<arg>${browser_type}</arg>
<doc>Opens a new browser instance to the optional ``url``.</doc>
<msg timestamp="20220711 19:30:25.279" level="INFO">Opening browser 'Chrome' to base url 'https://www.google.com/'.</msg>
<status status="PASS" starttime="20220711 19:30:25.279" endtime="20220711 19:30:27.443"/>
</kw>
<kw name="Open Browser" library="SeleniumLibrary">
<arg>${base_url}</arg>
<arg>${browser_type}</arg>
<doc>Opens a new browser instance to the optional ``url``.</doc>
<msg timestamp="20220711 19:30:27.444" level="INFO">Opening browser 'Chrome' to base url 'https://www.google.com/'.</msg>
<status status="PASS" starttime="20220711 19:30:27.444" endtime="20220711 19:30:29.253"/>
</kw>
<kw name="Set Browser Implicit Wait" library="SeleniumLibrary">
<arg>3</arg>
<doc>Sets the implicit wait value used by Selenium.</doc>
<status status="PASS" starttime="20220711 19:30:29.254" endtime="20220711 19:30:29.255"/>
</kw>
<kw name="Input Text" library="SeleniumLibrary">
<arg>//input[@name="q"]</arg>
<arg>Automation Testing</arg>
<doc>Types the given ``text`` into the text field identified by ``locator``.</doc>
<msg timestamp="20220711 19:30:29.256" level="INFO">Typing text 'Automation Testing' into text field '//input[@name="q"]'.</msg>
<status status="PASS" starttime="20220711 19:30:29.256" endtime="20220711 19:30:29.370"/>
</kw>
<kw name="Click Element" library="SeleniumLibrary">
<arg>//input[@name="btnK"]</arg>
<doc>Click the element identified by ``locator``.</doc>
<msg timestamp="20220711 19:30:29.371" level="INFO">Clicking element '//input[@name="btnK"]'.</msg>
<status status="PASS" starttime="20220711 19:30:29.370" endtime="20220711 19:30:30.651"/>
</kw>
<kw name="Sleep" library="BuiltIn">
<arg>3</arg>
<doc>Pauses the test executed for the given time.</doc>
<msg timestamp="20220711 19:30:33.658" level="INFO">Slept 3 seconds</msg>
<status status="PASS" starttime="20220711 19:30:30.651" endtime="20220711 19:30:33.658"/>
</kw>
<status status="PASS" starttime="20220711 19:30:25.276" endtime="20220711 19:30:33.658"/>
</test>
<status status="PASS" starttime="20220711 19:30:25.089" endtime="20220711 19:30:33.660"/>
</suite>
<statistics>
<total>
<stat pass="1" fail="0" skip="0">All Tests</stat>
</total>
<tag>
</tag>
<suite>
<stat pass="1" fail="0" skip="0" id="s1" name="Google">Google</stat>
</suite>
</statistics>
<errors>
</errors>
</robot>
